  dllmain.cpp
d:\workspace\repository\visioninspectionpro\src\mediator\threadmediator\thread_pool.h : warning C4819: The file contains a character that cannot be represented in the current code page (936). Save the file in Unicode format to prevent data loss
d:\workspace\repository\visioninspectionpro\src\mediator\threadmediator\../IMediator.h : warning C4819: The file contains a character that cannot be represented in the current code page (936). Save the file in Unicode format to prevent data loss
../../Include/Configure/Configure.hpp : warning C4819: The file contains a character that cannot be represented in the current code page (936). Save the file in Unicode format to prevent data loss
../../Include/CommonInclude/Memory.hpp : warning C4819: The file contains a character that cannot be represented in the current code page (936). Save the file in Unicode format to prevent data loss
../../Include/Configure/Configure.hpp(34): warning C4189: 'is_success': local variable is initialized but not referenced
../../Include/Logger/BroadCastLogger.hpp : warning C4819: The file contains a character that cannot be represented in the current code page (936). Save the file in Unicode format to prevent data loss
../../Include/PlatForm/Windows/WindowsCore.h : warning C4819: The file contains a character that cannot be represented in the current code page (936). Save the file in Unicode format to prevent data loss
d:\workspace\repository\visioninspectionpro\src\include\logger\UI_Logger.h(13): warning C4100: 'is_show': unreferenced formal parameter
d:\workspace\repository\visioninspectionpro\src\include\logger\UI_Logger.h(13): warning C4100: 'info': unreferenced formal parameter
d:\workspace\repository\visioninspectionpro\src\include\logger\UI_Logger.h(13): warning C4100: 'which_level': unreferenced formal parameter
d:\workspace\repository\visioninspectionpro\src\include\logger\Text_Logger.h(13): warning C4100: 'is_show': unreferenced formal parameter
d:\workspace\repository\visioninspectionpro\src\include\logger\Text_Logger.h(13): warning C4100: 'info': unreferenced formal parameter
d:\workspace\repository\visioninspectionpro\src\include\logger\Text_Logger.h(13): warning C4100: 'which_level': unreferenced formal parameter
d:\workspace\repository\visioninspectionpro\src\include\logger\Console_Logger.h(15): warning C4100: 'which_level': unreferenced formal parameter
dllmain.cpp(12): warning C4100: 'lpReserved': unreferenced formal parameter
dllmain.cpp(9): warning C4100: 'hModule': unreferenced formal parameter
dllmain.cpp(30): warning C4297: 'Create': function assumed not to throw an exception but does
  dllmain.cpp(30): note: The function is extern "C" and /EHc was specified
dllmain.cpp(57): warning C4100: 'ptr': unreferenced formal parameter
d:\workspace\repository\visioninspectionpro\src\mediator\threadmediator\threadmediator.h(23): warning C4172: returning address of local variable or temporary
     Creating library ../../../build/Mediator/ThreadMediator/\ThreadMediator.lib and object ../../../build/Mediator/ThreadMediator/\ThreadMediator.exp
  ThreadMediator.vcxproj -> D:\WorkSpace\Repository\VisionInspectionPro\src\Mediator\ThreadMediator\../../../build/Mediator/ThreadMediator/ThreadMediator.dll
