d:\workspace\repository\visioninspectionpro\src\mediator\threadmediator\release\threadmediator.obj
d:\workspace\repository\visioninspectionpro\src\mediator\threadmediator\release\dllmain.obj
d:\workspace\repository\visioninspectionpro\src\mediator\threadmediator\release\moc_threadmediator.obj
d:\workspace\repository\visioninspectionpro\src\mediator\threadmediator\release\moc_predefs.h
d:\workspace\repository\visioninspectionpro\build\mediator\threadmediator\threadmediator.dll
d:\workspace\repository\visioninspectionpro\src\mediator\threadmediator\release\moc_threadmediator.cpp
d:\workspace\repository\visioninspectionpro\build\mediator\threadmediator\threadmediator.lib
d:\workspace\repository\visioninspectionpro\build\mediator\threadmediator\threadmediator.exp
d:\workspace\repository\visioninspectionpro\src\mediator\threadmediator\../../../build/mediator/threadmediator/threadmediator.dll
d:\workspace\repository\visioninspectionpro\src\mediator\threadmediator\release\threadmediator.tlog\cl.command.1.tlog
d:\workspace\repository\visioninspectionpro\src\mediator\threadmediator\release\threadmediator.tlog\cl.read.1.tlog
d:\workspace\repository\visioninspectionpro\src\mediator\threadmediator\release\threadmediator.tlog\cl.write.1.tlog
d:\workspace\repository\visioninspectionpro\src\mediator\threadmediator\release\threadmediator.tlog\custombuild.command.1.tlog
d:\workspace\repository\visioninspectionpro\src\mediator\threadmediator\release\threadmediator.tlog\custombuild.read.1.tlog
d:\workspace\repository\visioninspectionpro\src\mediator\threadmediator\release\threadmediator.tlog\custombuild.write.1.tlog
d:\workspace\repository\visioninspectionpro\src\mediator\threadmediator\release\threadmediator.tlog\link.command.1.tlog
d:\workspace\repository\visioninspectionpro\src\mediator\threadmediator\release\threadmediator.tlog\link.read.1.tlog
d:\workspace\repository\visioninspectionpro\src\mediator\threadmediator\release\threadmediator.tlog\link.write.1.tlog
d:\workspace\repository\visioninspectionpro\src\mediator\threadmediator\release\threadmediator.tlog\moc.read.1u.tlog
d:\workspace\repository\visioninspectionpro\src\mediator\threadmediator\release\threadmediator.tlog\moc.write.1u.tlog
d:\workspace\repository\visioninspectionpro\src\mediator\threadmediator\release\threadmediator.tlog\threadmediator.write.1u.tlog
