  dllmain.cpp
D:\WorkSpace\Repository\VisionInspectionPro\src\Include\Configure\Configure.hpp(1,1): warning C4819: 该文件包含不能在当前代码页(936)中表示的字符。请将该文件保存为 Unicode 格式以防止数据丢失
D:\WorkSpace\Repository\VisionInspectionPro\src\Include\CommonInclude\Memory.hpp(1,1): warning C4819: 该文件包含不能在当前代码页(936)中表示的字符。请将该文件保存为 Unicode 格式以防止数据丢失
D:\WorkSpace\Repository\VisionInspectionPro\src\Mediator\ThreadMediator\thread_pool.h(1,1): warning C4819: 该文件包含不能在当前代码页(936)中表示的字符。请将该文件保存为 Unicode 格式以防止数据丢失
D:\WorkSpace\Repository\VisionInspectionPro\src\Include\PlatForm\Windows\WindowsCore.h(1,1): warning C4819: 该文件包含不能在当前代码页(936)中表示的字符。请将该文件保存为 Unicode 格式以防止数据丢失
D:\WorkSpace\Repository\VisionInspectionPro\src\Facade\ModuleFactory.hpp(1,1): warning C4819: 该文件包含不能在当前代码页(936)中表示的字符。请将该文件保存为 Unicode 格式以防止数据丢失
D:\WorkSpace\Repository\VisionInspectionPro\src\Include\Logger\BroadCastLogger.hpp(1,1): warning C4819: 该文件包含不能在当前代码页(936)中表示的字符。请将该文件保存为 Unicode 格式以防止数据丢失
D:\WorkSpace\Repository\VisionInspectionPro\src\Facade\FrameBuilder.h(54,38): warning C4267: “return”: 从“size_t”转换到“unsigned short”，可能丢失数据
D:\WorkSpace\Repository\VisionInspectionPro\src\Mediator\ThreadMediator\ThreadMediator.h(20,1): warning C4267: “参数”: 从“size_t”转换到“USHORT”，可能丢失数据
  stdafx.cpp
  ThreadMediator.cpp
D:\WorkSpace\Repository\VisionInspectionPro\src\Include\Configure\Configure.hpp(1,1): warning C4819: 该文件包含不能在当前代码页(936)中表示的字符。请将该文件保存为 Unicode 格式以防止数据丢失
D:\WorkSpace\Repository\VisionInspectionPro\src\Include\CommonInclude\Memory.hpp(1,1): warning C4819: 该文件包含不能在当前代码页(936)中表示的字符。请将该文件保存为 Unicode 格式以防止数据丢失
D:\WorkSpace\Repository\VisionInspectionPro\src\Mediator\ThreadMediator\thread_pool.h(1,1): warning C4819: 该文件包含不能在当前代码页(936)中表示的字符。请将该文件保存为 Unicode 格式以防止数据丢失
D:\WorkSpace\Repository\VisionInspectionPro\src\Include\PlatForm\Windows\WindowsCore.h(1,1): warning C4819: 该文件包含不能在当前代码页(936)中表示的字符。请将该文件保存为 Unicode 格式以防止数据丢失
D:\WorkSpace\Repository\VisionInspectionPro\src\Facade\ModuleFactory.hpp(1,1): warning C4819: 该文件包含不能在当前代码页(936)中表示的字符。请将该文件保存为 Unicode 格式以防止数据丢失
D:\WorkSpace\Repository\VisionInspectionPro\src\Include\Logger\BroadCastLogger.hpp(1,1): warning C4819: 该文件包含不能在当前代码页(936)中表示的字符。请将该文件保存为 Unicode 格式以防止数据丢失
D:\WorkSpace\Repository\VisionInspectionPro\src\Facade\FrameBuilder.h(54,38): warning C4267: “return”: 从“size_t”转换到“unsigned short”，可能丢失数据
D:\WorkSpace\Repository\VisionInspectionPro\src\Mediator\ThreadMediator\ThreadMediator.h(20,1): warning C4267: “参数”: 从“size_t”转换到“USHORT”，可能丢失数据
    正在创建库 ../../../build/Mediator/ThreadMediator/ThreadMediator.lib 和对象 ../../../build/Mediator/ThreadMediator/ThreadMediator.exp
  正在生成代码
  Previous IPDB not found, fall back to full compilation.
  All 1205 functions were compiled because no usable IPDB/IOBJ from previous compilation was found.
  已完成代码的生成
  ThreadMediator.vcxproj -> D:\WorkSpace\Repository\VisionInspectionPro\build\Mediator\ThreadMediator\ThreadMediator.dll
