  dllmain.cpp
d:\workspace\repository\visioninspectionpro\src\include\configure\configure.hpp : warning C4819: The file contains a character that cannot be represented in the current code page (936). Save the file in Unicode format to prevent data loss
d:\workspace\repository\visioninspectionpro\src\include\commoninclude\memory.hpp : warning C4819: The file contains a character that cannot be represented in the current code page (936). Save the file in Unicode format to prevent data loss
d:\workspace\repository\visioninspectionpro\src\include\platform\windows\windowscore.h : warning C4819: The file contains a character that cannot be represented in the current code page (936). Save the file in Unicode format to prevent data loss
d:\workspace\repository\visioninspectionpro\src\include\logger\broadcastlogger.hpp : warning C4819: The file contains a character that cannot be represented in the current code page (936). Save the file in Unicode format to prevent data loss
  stdafx.cpp
  DMKCamera.cpp
d:\workspace\repository\visioninspectionpro\src\include\configure\configure.hpp : warning C4819: The file contains a character that cannot be represented in the current code page (936). Save the file in Unicode format to prevent data loss
d:\workspace\repository\visioninspectionpro\src\include\commoninclude\memory.hpp : warning C4819: The file contains a character that cannot be represented in the current code page (936). Save the file in Unicode format to prevent data loss
d:\workspace\repository\visioninspectionpro\src\include\platform\windows\windowscore.h : warning C4819: The file contains a character that cannot be represented in the current code page (936). Save the file in Unicode format to prevent data loss
d:\workspace\repository\visioninspectionpro\src\include\logger\broadcastlogger.hpp : warning C4819: The file contains a character that cannot be represented in the current code page (936). Save the file in Unicode format to prevent data loss
  Generating Code...
d:\workspace\repository\visioninspectionpro\src\cameragrabber\dmkcamera\dmkcamera.h(45): warning C4172: returning address of local variable or temporary
tinyxml.lib(tinyxml.obj) : error LNK2038: mismatch detected for '_ITERATOR_DEBUG_LEVEL': value '0' doesn't match value '2' in dllmain.obj
tinyxml.lib(tinyxml.obj) : error LNK2038: mismatch detected for 'RuntimeLibrary': value 'MD_DynamicRelease' doesn't match value 'MDd_DynamicDebug' in dllmain.obj
tinyxml.lib(tinyxmlparser.obj) : error LNK2038: mismatch detected for '_ITERATOR_DEBUG_LEVEL': value '0' doesn't match value '2' in dllmain.obj
tinyxml.lib(tinyxmlparser.obj) : error LNK2038: mismatch detected for 'RuntimeLibrary': value 'MD_DynamicRelease' doesn't match value 'MDd_DynamicDebug' in dllmain.obj
tinyxml.lib(tinyxmlerror.obj) : error LNK2038: mismatch detected for '_ITERATOR_DEBUG_LEVEL': value '0' doesn't match value '2' in dllmain.obj
tinyxml.lib(tinyxmlerror.obj) : error LNK2038: mismatch detected for 'RuntimeLibrary': value 'MD_DynamicRelease' doesn't match value 'MDd_DynamicDebug' in dllmain.obj
     Creating library ../../../build/CameraGrabber/DMKCamera/DMKCamera.lib and object ../../../build/CameraGrabber/DMKCamera/DMKCamera.exp
LINK : warning LNK4098: defaultlib 'MSVCRT' conflicts with use of other libs; use /NODEFAULTLIB:library
../../../build/CameraGrabber/DMKCamera/DMKCamera.dll : fatal error LNK1319: 6 mismatches detected
