  Reading Qt configuration (E:/Programming/QT/Qt5.12.5/5.12.5/msvc2015_64/bin/qmake)
  Generate moc_predefs.h
  Facade.cpp
  mainwindow.cpp
d:\workspace\repository\visioninspectionpro\src\ui\ondisplay\mainwindow.h : warning C4819: The file contains a character that cannot be represented in the current code page (936). Save the file in Unicode format to prevent data loss (compiling source file mainwindow.cpp)
D:\WorkSpace\Repository\VisionInspectionPro\src\Include\PlatForm/Windows/WindowsCore.h : warning C4819: The file contains a character that cannot be represented in the current code page (936). Save the file in Unicode format to prevent data loss (compiling source file ..\..\Facade\Facade.cpp)
d:\workspace\repository\visioninspectionpro\src\ui\ondisplay\Convert.h : warning C4819: The file contains a character that cannot be represented in the current code page (936). Save the file in Unicode format to prevent data loss (compiling source file mainwindow.cpp)
D:\WorkSpace\Repository\VisionInspectionPro\src\Include\Configure/Configure.hpp : warning C4819: The file contains a character that cannot be represented in the current code page (936). Save the file in Unicode format to prevent data loss (compiling source file ..\..\Facade\Facade.cpp)
D:\WorkSpace\Repository\VisionInspectionPro\src\Include\CommonInclude/Memory.hpp : warning C4819: The file contains a character that cannot be represented in the current code page (936). Save the file in Unicode format to prevent data loss (compiling source file ..\..\Facade\Facade.cpp)
D:\WorkSpace\Repository\VisionInspectionPro\src\Include\Configure/Configure.hpp(34): warning C4189: 'is_success': local variable is initialized but not referenced (compiling source file ..\..\Facade\Facade.cpp)
d:\workspace\repository\visioninspectionpro\src\facade\ModuleFactory.hpp : warning C4819: The file contains a character that cannot be represented in the current code page (936). Save the file in Unicode format to prevent data loss (compiling source file ..\..\Facade\Facade.cpp)
D:\WorkSpace\Repository\VisionInspectionPro\src\Include\Logger/BroadCastLogger.hpp : warning C4819: The file contains a character that cannot be represented in the current code page (936). Save the file in Unicode format to prevent data loss (compiling source file ..\..\Facade\Facade.cpp)
d:\workspace\repository\visioninspectionpro\src\include\logger\UI_Logger.h(13): warning C4100: 'is_show': unreferenced formal parameter (compiling source file ..\..\Facade\Facade.cpp)
d:\workspace\repository\visioninspectionpro\src\include\logger\UI_Logger.h(13): warning C4100: 'info': unreferenced formal parameter (compiling source file ..\..\Facade\Facade.cpp)
d:\workspace\repository\visioninspectionpro\src\include\logger\UI_Logger.h(13): warning C4100: 'which_level': unreferenced formal parameter (compiling source file ..\..\Facade\Facade.cpp)
d:\workspace\repository\visioninspectionpro\src\include\logger\Text_Logger.h(13): warning C4100: 'is_show': unreferenced formal parameter (compiling source file ..\..\Facade\Facade.cpp)
d:\workspace\repository\visioninspectionpro\src\include\logger\Text_Logger.h(13): warning C4100: 'info': unreferenced formal parameter (compiling source file ..\..\Facade\Facade.cpp)
d:\workspace\repository\visioninspectionpro\src\include\logger\Text_Logger.h(13): warning C4100: 'which_level': unreferenced formal parameter (compiling source file ..\..\Facade\Facade.cpp)
d:\workspace\repository\visioninspectionpro\src\include\logger\Console_Logger.h(15): warning C4100: 'which_level': unreferenced formal parameter (compiling source file ..\..\Facade\Facade.cpp)
d:\workspace\repository\visioninspectionpro\src\facade\FrameBuilder.h(54): warning C4267: 'return': conversion from 'size_t' to 'unsigned short', possible loss of data (compiling source file ..\..\Facade\Facade.cpp)
d:\workspace\repository\visioninspectionpro\src\ui\ondisplay\Convert.h(19): warning C4267: 'argument': conversion from 'size_t' to 'int', possible loss of data (compiling source file mainwindow.cpp)
d:\workspace\repository\visioninspectionpro\src\ui\ondisplay\Convert.h(27): warning C4267: 'argument': conversion from 'size_t' to 'int', possible loss of data (compiling source file mainwindow.cpp)
d:\workspace\repository\visioninspectionpro\src\ui\ondisplay\Convert.h(46): warning C4267: 'argument': conversion from 'size_t' to 'int', possible loss of data (compiling source file mainwindow.cpp)
D:\WorkSpace\Repository\VisionInspectionPro\src\Include\PlatForm/Windows/WindowsCore.h : warning C4819: The file contains a character that cannot be represented in the current code page (936). Save the file in Unicode format to prevent data loss (compiling source file mainwindow.cpp)
d:\workspace\repository\visioninspectionpro\src\facade\Facade.h(22): warning C4100: 'this': unreferenced formal parameter (compiling source file ..\..\Facade\Facade.cpp)
  d:\workspace\repository\visioninspectionpro\src\facade\Facade.h(22): note: see reference to function template instantiation 'std::shared_ptr<IMediator> FrameBuilder::Part<MEDIATOR>(void) const' being compiled (compiling source file ..\..\Facade\Facade.cpp)
d:\workspace\repository\visioninspectionpro\src\facade\Facade.h(37): warning C4100: 'this': unreferenced formal parameter (compiling source file ..\..\Facade\Facade.cpp)
  d:\workspace\repository\visioninspectionpro\src\facade\Facade.h(37): note: see reference to function template instantiation 'std::vector<CameraGrabberPtr,std::allocator<_Ty>> FrameBuilder::Part<CAMERAGRABBER>(void) const' being compiled
          with
          [
              _Ty=CameraGrabberPtr
          ] (compiling source file ..\..\Facade\Facade.cpp)
D:\WorkSpace\Repository\VisionInspectionPro\src\Include\Configure/Configure.hpp : warning C4819: The file contains a character that cannot be represented in the current code page (936). Save the file in Unicode format to prevent data loss (compiling source file mainwindow.cpp)
D:\WorkSpace\Repository\VisionInspectionPro\src\Include\CommonInclude/Memory.hpp : warning C4819: The file contains a character that cannot be represented in the current code page (936). Save the file in Unicode format to prevent data loss (compiling source file mainwindow.cpp)
D:\WorkSpace\Repository\VisionInspectionPro\src\Include\Configure/Configure.hpp(34): warning C4189: 'is_success': local variable is initialized but not referenced (compiling source file mainwindow.cpp)
d:\workspace\repository\visioninspectionpro\src\facade\ModuleFactory.hpp : warning C4819: The file contains a character that cannot be represented in the current code page (936). Save the file in Unicode format to prevent data loss (compiling source file mainwindow.cpp)
D:\WorkSpace\Repository\VisionInspectionPro\src\Include\Logger/BroadCastLogger.hpp : warning C4819: The file contains a character that cannot be represented in the current code page (936). Save the file in Unicode format to prevent data loss (compiling source file mainwindow.cpp)
d:\workspace\repository\visioninspectionpro\src\include\logger\UI_Logger.h(13): warning C4100: 'is_show': unreferenced formal parameter (compiling source file mainwindow.cpp)
d:\workspace\repository\visioninspectionpro\src\include\logger\UI_Logger.h(13): warning C4100: 'info': unreferenced formal parameter (compiling source file mainwindow.cpp)
d:\workspace\repository\visioninspectionpro\src\include\logger\UI_Logger.h(13): warning C4100: 'which_level': unreferenced formal parameter (compiling source file mainwindow.cpp)
d:\workspace\repository\visioninspectionpro\src\include\logger\Text_Logger.h(13): warning C4100: 'is_show': unreferenced formal parameter (compiling source file mainwindow.cpp)
d:\workspace\repository\visioninspectionpro\src\include\logger\Text_Logger.h(13): warning C4100: 'info': unreferenced formal parameter (compiling source file mainwindow.cpp)
d:\workspace\repository\visioninspectionpro\src\include\logger\Text_Logger.h(13): warning C4100: 'which_level': unreferenced formal parameter (compiling source file mainwindow.cpp)
d:\workspace\repository\visioninspectionpro\src\include\logger\Console_Logger.h(15): warning C4100: 'which_level': unreferenced formal parameter (compiling source file mainwindow.cpp)
d:\workspace\repository\visioninspectionpro\src\facade\FrameBuilder.h(54): warning C4267: 'return': conversion from 'size_t' to 'unsigned short', possible loss of data (compiling source file mainwindow.cpp)
d:\workspace\repository\visioninspectionpro\src\ui\ondisplay\../../Facade/Facade.h(22): warning C4100: 'this': unreferenced formal parameter (compiling source file mainwindow.cpp)
  d:\workspace\repository\visioninspectionpro\src\ui\ondisplay\../../Facade/Facade.h(22): note: see reference to function template instantiation 'std::shared_ptr<IMediator> FrameBuilder::Part<MEDIATOR>(void) const' being compiled (compiling source file mainwindow.cpp)
d:\workspace\repository\visioninspectionpro\src\ui\ondisplay\../../Facade/Facade.h(37): warning C4100: 'this': unreferenced formal parameter (compiling source file mainwindow.cpp)
  d:\workspace\repository\visioninspectionpro\src\ui\ondisplay\../../Facade/Facade.h(37): note: see reference to function template instantiation 'std::vector<CameraGrabberPtr,std::allocator<_Ty>> FrameBuilder::Part<CAMERAGRABBER>(void) const' being compiled
          with
          [
              _Ty=CameraGrabberPtr
          ] (compiling source file mainwindow.cpp)
d:\workspace\repository\visioninspectionpro\src\mediator\threadmediator\thread_pool.h : warning C4819: The file contains a character that cannot be represented in the current code page (936). Save the file in Unicode format to prevent data loss (compiling source file mainwindow.cpp)
D:\WorkSpace\Repository\VisionInspectionPro\src\Include\../Mediator/ThreadMediator/ThreadMediator.h(22): warning C4267: 'argument': conversion from 'size_t' to 'unsigned short', possible loss of data (compiling source file mainwindow.cpp)
  moc_mainwindow.cpp
d:\workspace\repository\visioninspectionpro\src\ui\ondisplay\release\../mainwindow.h : warning C4819: The file contains a character that cannot be represented in the current code page (936). Save the file in Unicode format to prevent data loss
d:\workspace\repository\visioninspectionpro\src\ui\ondisplay\Convert.h : warning C4819: The file contains a character that cannot be represented in the current code page (936). Save the file in Unicode format to prevent data loss
d:\workspace\repository\visioninspectionpro\src\ui\ondisplay\Convert.h(19): warning C4267: 'argument': conversion from 'size_t' to 'int', possible loss of data
d:\workspace\repository\visioninspectionpro\src\ui\ondisplay\Convert.h(27): warning C4267: 'argument': conversion from 'size_t' to 'int', possible loss of data
d:\workspace\repository\visioninspectionpro\src\ui\ondisplay\Convert.h(46): warning C4267: 'argument': conversion from 'size_t' to 'int', possible loss of data
D:\WorkSpace\Repository\VisionInspectionPro\src\Include\PlatForm/Windows/WindowsCore.h : warning C4819: The file contains a character that cannot be represented in the current code page (936). Save the file in Unicode format to prevent data loss
D:\WorkSpace\Repository\VisionInspectionPro\src\Include\Configure/Configure.hpp : warning C4819: The file contains a character that cannot be represented in the current code page (936). Save the file in Unicode format to prevent data loss
D:\WorkSpace\Repository\VisionInspectionPro\src\Include\CommonInclude/Memory.hpp : warning C4819: The file contains a character that cannot be represented in the current code page (936). Save the file in Unicode format to prevent data loss
D:\WorkSpace\Repository\VisionInspectionPro\src\Include\Configure/Configure.hpp(34): warning C4189: 'is_success': local variable is initialized but not referenced
d:\workspace\repository\visioninspectionpro\src\facade\ModuleFactory.hpp : warning C4819: The file contains a character that cannot be represented in the current code page (936). Save the file in Unicode format to prevent data loss
D:\WorkSpace\Repository\VisionInspectionPro\src\Include\Logger/BroadCastLogger.hpp : warning C4819: The file contains a character that cannot be represented in the current code page (936). Save the file in Unicode format to prevent data loss
d:\workspace\repository\visioninspectionpro\src\include\logger\UI_Logger.h(13): warning C4100: 'is_show': unreferenced formal parameter
d:\workspace\repository\visioninspectionpro\src\include\logger\UI_Logger.h(13): warning C4100: 'info': unreferenced formal parameter
d:\workspace\repository\visioninspectionpro\src\include\logger\UI_Logger.h(13): warning C4100: 'which_level': unreferenced formal parameter
d:\workspace\repository\visioninspectionpro\src\include\logger\Text_Logger.h(13): warning C4100: 'is_show': unreferenced formal parameter
d:\workspace\repository\visioninspectionpro\src\include\logger\Text_Logger.h(13): warning C4100: 'info': unreferenced formal parameter
d:\workspace\repository\visioninspectionpro\src\include\logger\Text_Logger.h(13): warning C4100: 'which_level': unreferenced formal parameter
d:\workspace\repository\visioninspectionpro\src\include\logger\Console_Logger.h(15): warning C4100: 'which_level': unreferenced formal parameter
d:\workspace\repository\visioninspectionpro\src\facade\FrameBuilder.h(54): warning C4267: 'return': conversion from 'size_t' to 'unsigned short', possible loss of data
d:\workspace\repository\visioninspectionpro\src\ui\ondisplay\../../Facade/Facade.h(22): warning C4100: 'this': unreferenced formal parameter
  d:\workspace\repository\visioninspectionpro\src\ui\ondisplay\../../Facade/Facade.h(22): note: see reference to function template instantiation 'std::shared_ptr<IMediator> FrameBuilder::Part<MEDIATOR>(void) const' being compiled
d:\workspace\repository\visioninspectionpro\src\ui\ondisplay\../../Facade/Facade.h(37): warning C4100: 'this': unreferenced formal parameter
  d:\workspace\repository\visioninspectionpro\src\ui\ondisplay\../../Facade/Facade.h(37): note: see reference to function template instantiation 'std::vector<CameraGrabberPtr,std::allocator<_Ty>> FrameBuilder::Part<CAMERAGRABBER>(void) const' being compiled
          with
          [
              _Ty=CameraGrabberPtr
          ]
  OnDisplay.vcxproj -> D:\WorkSpace\Repository\VisionInspectionPro\src\UI\OnDisplay\../../../build/OnDisplay.exe
  OnDisplay.vcxproj -> ../../../build/OnDisplay.pdb (Full PDB)
