d:\workspace\repository\visioninspectionpro\src\ui\ondisplay\vc140.pdb
d:\workspace\repository\visioninspectionpro\src\ui\ondisplay\release\mainwindow.obj
d:\workspace\repository\visioninspectionpro\src\ui\ondisplay\release\facade.obj
d:\workspace\repository\visioninspectionpro\src\ui\ondisplay\release\framebuilder.obj
d:\workspace\repository\visioninspectionpro\src\ui\ondisplay\release\windowscore.obj
d:\workspace\repository\visioninspectionpro\src\ui\ondisplay\release\main.obj
d:\workspace\repository\visioninspectionpro\src\ui\ondisplay\release\camerashot.obj
d:\workspace\repository\visioninspectionpro\src\ui\ondisplay\release\moc_camerashot.obj
d:\workspace\repository\visioninspectionpro\src\ui\ondisplay\release\moc_mainwindow.obj
d:\workspace\repository\visioninspectionpro\src\ui\ondisplay\release\qrc_qss.obj
d:\workspace\repository\visioninspectionpro\src\ui\ondisplay\release\moc_predefs.h
d:\workspace\repository\visioninspectionpro\build\ondisplay.exe
d:\workspace\repository\visioninspectionpro\build\ondisplay.pdb
d:\workspace\repository\visioninspectionpro\src\ui\ondisplay\release\moc_camerashot.cpp
d:\workspace\repository\visioninspectionpro\src\ui\ondisplay\release\moc_mainwindow.cpp
d:\workspace\repository\visioninspectionpro\src\ui\ondisplay\ui_ondisplay.h
d:\workspace\repository\visioninspectionpro\src\ui\ondisplay\release\qrc_qss.cpp
d:\workspace\repository\visioninspectionpro\src\ui\ondisplay\release\ondisplay.tlog\cl.command.1.tlog
d:\workspace\repository\visioninspectionpro\src\ui\ondisplay\release\ondisplay.tlog\cl.read.1.tlog
d:\workspace\repository\visioninspectionpro\src\ui\ondisplay\release\ondisplay.tlog\cl.write.1.tlog
d:\workspace\repository\visioninspectionpro\src\ui\ondisplay\release\ondisplay.tlog\custombuild.command.1.tlog
d:\workspace\repository\visioninspectionpro\src\ui\ondisplay\release\ondisplay.tlog\custombuild.read.1.tlog
d:\workspace\repository\visioninspectionpro\src\ui\ondisplay\release\ondisplay.tlog\custombuild.write.1.tlog
d:\workspace\repository\visioninspectionpro\src\ui\ondisplay\release\ondisplay.tlog\link.command.1.tlog
d:\workspace\repository\visioninspectionpro\src\ui\ondisplay\release\ondisplay.tlog\link.read.1.tlog
d:\workspace\repository\visioninspectionpro\src\ui\ondisplay\release\ondisplay.tlog\link.write.1.tlog
d:\workspace\repository\visioninspectionpro\src\ui\ondisplay\release\ondisplay.tlog\moc.read.1u.tlog
d:\workspace\repository\visioninspectionpro\src\ui\ondisplay\release\ondisplay.tlog\moc.write.1u.tlog
d:\workspace\repository\visioninspectionpro\src\ui\ondisplay\release\ondisplay.tlog\ondisplay.write.1u.tlog
d:\workspace\repository\visioninspectionpro\src\ui\ondisplay\release\ondisplay.tlog\rcc.read.1u.tlog
d:\workspace\repository\visioninspectionpro\src\ui\ondisplay\release\ondisplay.tlog\rcc.write.1u.tlog
d:\workspace\repository\visioninspectionpro\src\ui\ondisplay\release\ondisplay.tlog\uic.read.1u.tlog
d:\workspace\repository\visioninspectionpro\src\ui\ondisplay\release\ondisplay.tlog\uic.write.1u.tlog
